<?xml version="1.0" encoding="UTF-8"?>
<!-- Generated by org.testng.reporters.JUnitReportReporter -->
<testsuite hostname="LAPTOP-I42TTBGV" failures="0" tests="3" name="Tngpackage.Tngpriority" time="78.625" errors="0" timestamp="2024-05-30T15:50:17 EDT" skipped="0">
  <testcase classname="Tngpackage.Tngpriority" name="tngyahoo" time="47.754"/>
  <system-out/>
  <testcase classname="Tngpackage.Tngpriority" name="tngcnbc" time="18.844"/>
  <system-out/>
  <testcase classname="Tngpackage.Tngpriority" name="tngopenamazon" time="12.027"/>
  <system-out/>
</testsuite> <!-- Tngpackage.Tngpriority -->
