<?xml version="1.0" encoding="UTF-8"?>
<!-- Generated by org.testng.reporters.JUnitReportReporter -->
<testsuite hostname="LAPTOP-I42TTBGV" failures="0" tests="3" name="TestNGpackage.kAnnotation" time="45.870" errors="0" timestamp="2024-05-30T13:01:13 EDT" skipped="0">
  <testcase classname="TestNGpackage.kAnnotation" name="openingYahooSite" time="23.966"/>
  <system-out/>
  <testcase classname="TestNGpackage.kAnnotation" name="openingAmazonSite" time="8.348"/>
  <system-out/>
  <testcase classname="TestNGpackage.kAnnotation" name="openingCnbcSite" time="13.556"/>
  <system-out/>
</testsuite> <!-- TestNGpackage.kAnnotation -->
