<?xml version="1.0" encoding="UTF-8"?>
<!-- Generated by org.testng.reporters.JUnitReportReporter -->
<testsuite hostname="LAPTOP-I42TTBGV" failures="0" tests="3" name="TestNGpackage.TNGopenwebsite" time="58.418" errors="0" timestamp="2024-05-30T15:31:35 EDT" skipped="0">
  <testcase classname="TestNGpackage.TNGopenwebsite" name="tngopenamazon" time="13.380"/>
  <system-out/>
  <testcase classname="TestNGpackage.TNGopenwebsite" name="tngyahoo" time="27.546"/>
  <system-out/>
  <testcase classname="TestNGpackage.TNGopenwebsite" name="tngcnbc" time="17.492"/>
  <system-out/>
</testsuite> <!-- TestNGpackage.TNGopenwebsite -->
