<?xml version="1.0" encoding="UTF-8"?>
<!-- Generated by org.testng.reporters.JUnitReportReporter -->
<testsuite hostname="LAPTOP-I42TTBGV" failures="0" tests="1" name="Tngpackage.Tngnewclass" time="0.007" errors="0" timestamp="2024-05-30T15:56:48 EDT" skipped="0">
  <testcase classname="Tngpackage.Tngnewclass" name="AA" time="0.007"/>
  <system-out/>
</testsuite> <!-- Tngpackage.Tngnewclass -->
