<?xml version="1.0" encoding="UTF-8"?>
<!-- Generated by org.testng.reporters.JUnitReportReporter -->
<testsuite hostname="LAPTOP-I42TTBGV" failures="0" tests="1" name="Tngpackage.TngDraganddrop" time="13.749" errors="0" timestamp="2024-06-04T15:44:26 EDT" skipped="0">
  <testcase classname="Tngpackage.TngDraganddrop" name="draganddrop" time="13.749"/>
  <system-out/>
</testsuite> <!-- Tngpackage.TngDraganddrop -->
