<?xml version="1.0" encoding="UTF-8"?>
<!-- Generated by org.testng.reporters.JUnitReportReporter -->
<testsuite hostname="LAPTOP-I42TTBGV" failures="0" tests="1" name="com.itlearn.testcases.LoginTest" time="2.869" errors="0" timestamp="2024-05-09T10:35:31 EDT" skipped="0">
  <testcase classname="com.itlearn.testcases.LoginTest" name="verfiy" time="2.869"/>
</testsuite> <!-- com.itlearn.testcases.LoginTest -->
